\BOOKMARK [1][-]{section.1}{Introduction}{}% 1
\BOOKMARK [1][-]{section.2}{Background \046 Literature Review}{}% 2
\BOOKMARK [2][-]{subsection.2.1}{Introductory Statement}{section.2}% 3
\BOOKMARK [2][-]{subsection.2.2}{Literature Review}{section.2}% 4
\BOOKMARK [3][-]{subsubsection.2.2.1}{Current Power Distribution Systems}{subsection.2.2}% 5
\BOOKMARK [3][-]{subsubsection.2.2.2}{Alternative Electricity Generation Solutions}{subsection.2.2}% 6
\BOOKMARK [3][-]{subsubsection.2.2.3}{Electrical Safety Mechanisms}{subsection.2.2}% 7
\BOOKMARK [3][-]{subsubsection.2.2.4}{Standards}{subsection.2.2}% 8
\BOOKMARK [3][-]{subsubsection.2.2.5}{Tariffs}{subsection.2.2}% 9
\BOOKMARK [3][-]{subsubsection.2.2.6}{Direct Current \046 Alternating Current}{subsection.2.2}% 10
\BOOKMARK [3][-]{subsubsection.2.2.7}{Low Voltage Direct Current}{subsection.2.2}% 11
\BOOKMARK [3][-]{subsubsection.2.2.8}{Converters \046 Inverters}{subsection.2.2}% 12
\BOOKMARK [3][-]{subsubsection.2.2.9}{LED Lighting}{subsection.2.2}% 13
\BOOKMARK [2][-]{subsection.2.3}{Prior Art}{section.2}% 14
\BOOKMARK [1][-]{section.3}{Research Problems}{}% 15
\BOOKMARK [1][-]{section.4}{Program and Design}{}% 16
\BOOKMARK [2][-]{subsection.4.1}{Objectives}{section.4}% 17
\BOOKMARK [2][-]{subsection.4.2}{Methodology}{section.4}% 18
\BOOKMARK [2][-]{subsection.4.3}{Research Plan}{section.4}% 19
\BOOKMARK [2][-]{subsection.4.4}{Resources and Funding}{section.4}% 20
\BOOKMARK [2][-]{subsection.4.5}{Gantt Chart}{section.4}% 21
\BOOKMARK [1][-]{section.5}{Final Discussion \046 Conclusion}{}% 22
